<!DOCTYPE html>

<html>
  <head>
  <meta charset='utf-8'>
  <title>TestNG reports</title>

    <link type="text/css" href="testng-reports.css" rel="stylesheet" />
    <script type="text/javascript" src="jquery-1.7.1.min.js"></script>
    <script type="text/javascript" src="testng-reports.js"></script>
    <script type="text/javascript" src="https://www.google.com/jsapi"></script>
    <script type='text/javascript'>
      google.load('visualization', '1', {packages:['table']});
      google.setOnLoadCallback(drawTable);
      var suiteTableInitFunctions = new Array();
      var suiteTableData = new Array();
    </script>
    <!--
      <script type="text/javascript" src="jquery-ui/js/jquery-ui-1.8.16.custom.min.js"></script>
     -->
  </head>

  <body>
    <div class="top-banner-root">
      <span class="top-banner-title-font">Test results</span>
      <br/>
      <span class="top-banner-font-1">1 suite, 4 failed tests</span>
    </div> <!-- top-banner-root -->
    <div class="navigator-root">
      <div class="navigator-suite-header">
        <span>All suites</span>
        <a href="#" title="Collapse/expand all the suites" class="collapse-all-link">
          <img src="collapseall.gif" class="collapse-all-icon">
          </img> <!-- collapse-all-icon -->
        </a> <!-- collapse-all-link -->
      </div> <!-- navigator-suite-header -->
      <div class="suite">
        <div class="rounded-window">
          <div class="suite-header light-rounded-window-top">
            <a href="#" panel-name="suite-Failed_suite_[Amazon]" class="navigator-link">
              <span class="suite-name border-failed">Failed suite [Amazon]</span>
            </a> <!-- navigator-link -->
          </div> <!-- suite-header light-rounded-window-top -->
          <div class="navigator-suite-content">
            <div class="suite-section-title">
              <span>Info</span>
            </div> <!-- suite-section-title -->
            <div class="suite-section-content">
              <ul>
                <li>
                  <a href="#" panel-name="test-xml-Failed_suite_[Amazon]" class="navigator-link ">
                    <span>C:\Users\raverma\eclipse-workspace\Amazon\test-output\testng-failed.xml</span>
                  </a> <!-- navigator-link  -->
                </li>
                <li>
                  <a href="#" panel-name="testlist-Failed_suite_[Amazon]" class="navigator-link ">
                    <span class="test-stats">2 tests</span>
                  </a> <!-- navigator-link  -->
                </li>
                <li>
                  <a href="#" panel-name="group-Failed_suite_[Amazon]" class="navigator-link ">
                    <span>2 groups</span>
                  </a> <!-- navigator-link  -->
                </li>
                <li>
                  <a href="#" panel-name="times-Failed_suite_[Amazon]" class="navigator-link ">
                    <span>Times</span>
                  </a> <!-- navigator-link  -->
                </li>
                <li>
                  <a href="#" panel-name="reporter-Failed_suite_[Amazon]" class="navigator-link ">
                    <span>Reporter output</span>
                  </a> <!-- navigator-link  -->
                </li>
                <li>
                  <a href="#" panel-name="ignored-methods-Failed_suite_[Amazon]" class="navigator-link ">
                    <span>Ignored methods</span>
                  </a> <!-- navigator-link  -->
                </li>
                <li>
                  <a href="#" panel-name="chronological-Failed_suite_[Amazon]" class="navigator-link ">
                    <span>Chronological view</span>
                  </a> <!-- navigator-link  -->
                </li>
              </ul>
            </div> <!-- suite-section-content -->
            <div class="result-section">
              <div class="suite-section-title">
                <span>Results</span>
              </div> <!-- suite-section-title -->
              <div class="suite-section-content">
                <ul>
                  <li>
                    <span class="method-stats">4 methods, 4 failed,   </span>
                  </li>
                  <li>
                    <span class="method-list-title failed">Failed methods</span>
                    <span class="show-or-hide-methods failed">
                      <a href="#" panel-name="suite-Failed_suite_[Amazon]" class="hide-methods failed suite-Failed_suite_[Amazon]"> (hide)</a> <!-- hide-methods failed suite-Failed_suite_[Amazon] -->
                      <a href="#" panel-name="suite-Failed_suite_[Amazon]" class="show-methods failed suite-Failed_suite_[Amazon]"> (show)</a> <!-- show-methods failed suite-Failed_suite_[Amazon] -->
                    </span>
                    <div class="method-list-content failed suite-Failed_suite_[Amazon]">
                      <span>
                        <img src="failed.png" width="3%"/>
                        <a href="#" panel-name="suite-Failed_suite_[Amazon]" title="test.Test_LoginFunc" class="method navigator-link" hash-for-method="test_fetchPrice">test_fetchPrice</a> <!-- method navigator-link -->
                      </span>
                      <br/>
                      <span>
                        <img src="failed.png" width="3%"/>
                        <a href="#" panel-name="suite-Failed_suite_[Amazon]" title="test.Test_LoginFunc" class="method navigator-link" hash-for-method="test_loginWith_BlankUID_BlankPass">test_loginWith_BlankUID_BlankPass</a> <!-- method navigator-link -->
                      </span>
                      <br/>
                      <span>
                        <img src="failed.png" width="3%"/>
                        <a href="#" panel-name="suite-Failed_suite_[Amazon]" title="test.Test_LoginFunc" class="method navigator-link" hash-for-method="test_loginWith_InvalidEmail_BlankPass">test_loginWith_InvalidEmail_BlankPass</a> <!-- method navigator-link -->
                      </span>
                      <br/>
                      <span>
                        <img src="failed.png" width="3%"/>
                        <a href="#" panel-name="suite-Failed_suite_[Amazon]" title="test.Test_LoginFunc" class="method navigator-link" hash-for-method="test_loginWith_validEmail_WrongPass">test_loginWith_validEmail_WrongPass</a> <!-- method navigator-link -->
                      </span>
                      <br/>
                    </div> <!-- method-list-content failed suite-Failed_suite_[Amazon] -->
                  </li>
                </ul>
              </div> <!-- suite-section-content -->
            </div> <!-- result-section -->
          </div> <!-- navigator-suite-content -->
        </div> <!-- rounded-window -->
      </div> <!-- suite -->
    </div> <!-- navigator-root -->
    <div class="wrapper">
      <div class="main-panel-root">
        <div panel-name="suite-Failed_suite_[Amazon]" class="panel Failed_suite_[Amazon]">
          <div class="suite-Failed_suite_[Amazon]-class-failed">
            <div class="main-panel-header rounded-window-top">
              <img src="failed.png"/>
              <span class="class-name">test.Test_LoginFunc</span>
            </div> <!-- main-panel-header rounded-window-top -->
            <div class="main-panel-content rounded-window-bottom">
              <div class="method">
                <div class="method-content">
                  <a name="test_fetchPrice">
                  </a> <!-- test_fetchPrice -->
                  <span class="method-name">test_fetchPrice</span>
                  <div class="stack-trace">org.openqa.selenium.NoSuchElementException: no such element: Unable to locate element: {&quot;method&quot;:&quot;xpath&quot;,&quot;selector&quot;:&quot;//a[@title=&apos;Moto G5S Plus (Lunar Grey, 64GB)&apos;]//ancestor::div[@class=&apos;a-row a-spacing-small&apos;]//following-sibling::div[@class=&apos;a-row&apos;]/div/div/a&quot;}
  (Session info: chrome=68.0.3440.84)
  (Driver info: chromedriver=2.38.552522 (437e6fbedfa8762dec75e2c5b3ddb86763dc9dcb),platform=Windows NT 10.0.17134 x86_64) (WARNING: The server did not provide any stacktrace information)
Command duration or timeout: 0 milliseconds
For documentation on this error, please visit: http://seleniumhq.org/exceptions/no_such_element.html
Build info: version: &apos;3.11.0&apos;, revision: &apos;e59cfb3&apos;, time: &apos;2018-03-11T20:33:15.31Z&apos;
System info: host: &apos;RAVERMA-WX-1&apos;, ip: &apos;192.168.233.1&apos;, os.name: &apos;Windows 10&apos;, os.arch: &apos;amd64&apos;, os.version: &apos;10.0&apos;, java.version: &apos;10.0.1&apos;
Driver info: org.openqa.selenium.chrome.ChromeDriver
Capabilities {acceptInsecureCerts: false, acceptSslCerts: false, applicationCacheEnabled: false, browserConnectionEnabled: false, browserName: chrome, chrome: {chromedriverVersion: 2.38.552522 (437e6fbedfa876..., userDataDir: C:\Users\raverma\AppData\Lo...}, cssSelectorsEnabled: true, databaseEnabled: false, handlesAlerts: true, hasTouchScreen: false, javascriptEnabled: true, locationContextEnabled: true, mobileEmulationEnabled: false, nativeEvents: true, networkConnectionEnabled: false, pageLoadStrategy: normal, platform: XP, platformName: XP, rotatable: false, setWindowRect: true, takesHeapSnapshot: true, takesScreenshot: true, unexpectedAlertBehaviour: , unhandledPromptBehavior: , version: 68.0.3440.84, webStorageEnabled: true}
Session ID: e2b6b1160e2929827afe0f21a31bbd39
*** Element info: {Using=xpath, value=//a[@title=&apos;Moto G5S Plus (Lunar Grey, 64GB)&apos;]//ancestor::div[@class=&apos;a-row a-spacing-small&apos;]//following-sibling::div[@class=&apos;a-row&apos;]/div/div/a}
	at org.openqa.selenium.remote.ErrorHandler.createThrowable(ErrorHandler.java:214)
	at org.openqa.selenium.remote.ErrorHandler.throwIfResponseFailed(ErrorHandler.java:166)
	at org.openqa.selenium.remote.http.JsonHttpResponseCodec.reconstructValue(JsonHttpResponseCodec.java:40)
	at org.openqa.selenium.remote.http.AbstractHttpResponseCodec.decode(AbstractHttpResponseCodec.java:80)
	at org.openqa.selenium.remote.http.AbstractHttpResponseCodec.decode(AbstractHttpResponseCodec.java:44)
	at org.openqa.selenium.remote.HttpCommandExecutor.execute(HttpCommandExecutor.java:158)
	at org.openqa.selenium.remote.service.DriverCommandExecutor.execute(DriverCommandExecutor.java:83)
	at org.openqa.selenium.remote.RemoteWebDriver.execute(RemoteWebDriver.java:545)
	at org.openqa.selenium.remote.RemoteWebDriver.findElement(RemoteWebDriver.java:319)
	at org.openqa.selenium.remote.RemoteWebDriver.findElementByXPath(RemoteWebDriver.java:421)
	at org.openqa.selenium.By$ByXPath.findElement(By.java:361)
	at org.openqa.selenium.remote.RemoteWebDriver.findElement(RemoteWebDriver.java:311)
	at org.openqa.selenium.support.pagefactory.DefaultElementLocator.findElement(DefaultElementLocator.java:69)
	at org.openqa.selenium.support.pagefactory.internal.LocatingElementHandler.invoke(LocatingElementHandler.java:38)
	at com.sun.proxy.$Proxy11.getText(Unknown Source)
	at pom.product.Product.getPriceOF(Product.java:29)
	at test.Test_LoginFunc.test_fetchPrice(Test_LoginFunc.java:72)
	at java.base/java.util.concurrent.FutureTask.run(Unknown Source)
	at java.base/java.util.concurrent.ThreadPoolExecutor.runWorker(Unknown Source)
	at java.base/java.util.concurrent.ThreadPoolExecutor$Worker.run(Unknown Source)
	at java.base/java.lang.Thread.run(Unknown Source)
... Removed 20 stack frames
</div> <!-- stack-trace -->
                </div> <!-- method-content -->
              </div> <!-- method -->
              <div class="method">
                <div class="method-content">
                  <a name="test_loginWith_BlankUID_BlankPass">
                  </a> <!-- test_loginWith_BlankUID_BlankPass -->
                  <span class="method-name">test_loginWith_BlankUID_BlankPass</span>
                  <div class="stack-trace">org.openqa.selenium.NoSuchElementException: no such element: Unable to locate element: {&quot;method&quot;:&quot;xpath&quot;,&quot;selector&quot;:&quot;//input[@id=&apos;ap_email&apos;][@name=&apos;email&apos;]&quot;}
  (Session info: chrome=68.0.3440.84)
  (Driver info: chromedriver=2.38.552522 (437e6fbedfa8762dec75e2c5b3ddb86763dc9dcb),platform=Windows NT 10.0.17134 x86_64) (WARNING: The server did not provide any stacktrace information)
Command duration or timeout: 0 milliseconds
For documentation on this error, please visit: http://seleniumhq.org/exceptions/no_such_element.html
Build info: version: &apos;3.11.0&apos;, revision: &apos;e59cfb3&apos;, time: &apos;2018-03-11T20:33:15.31Z&apos;
System info: host: &apos;RAVERMA-WX-1&apos;, ip: &apos;192.168.233.1&apos;, os.name: &apos;Windows 10&apos;, os.arch: &apos;amd64&apos;, os.version: &apos;10.0&apos;, java.version: &apos;10.0.1&apos;
Driver info: org.openqa.selenium.chrome.ChromeDriver
Capabilities {acceptInsecureCerts: false, acceptSslCerts: false, applicationCacheEnabled: false, browserConnectionEnabled: false, browserName: chrome, chrome: {chromedriverVersion: 2.38.552522 (437e6fbedfa876..., userDataDir: C:\Users\raverma\AppData\Lo...}, cssSelectorsEnabled: true, databaseEnabled: false, handlesAlerts: true, hasTouchScreen: false, javascriptEnabled: true, locationContextEnabled: true, mobileEmulationEnabled: false, nativeEvents: true, networkConnectionEnabled: false, pageLoadStrategy: normal, platform: XP, platformName: XP, rotatable: false, setWindowRect: true, takesHeapSnapshot: true, takesScreenshot: true, unexpectedAlertBehaviour: , unhandledPromptBehavior: , version: 68.0.3440.84, webStorageEnabled: true}
Session ID: e2b6b1160e2929827afe0f21a31bbd39
*** Element info: {Using=xpath, value=//input[@id=&apos;ap_email&apos;][@name=&apos;email&apos;]}
	at org.openqa.selenium.remote.ErrorHandler.createThrowable(ErrorHandler.java:214)
	at org.openqa.selenium.remote.ErrorHandler.throwIfResponseFailed(ErrorHandler.java:166)
	at org.openqa.selenium.remote.http.JsonHttpResponseCodec.reconstructValue(JsonHttpResponseCodec.java:40)
	at org.openqa.selenium.remote.http.AbstractHttpResponseCodec.decode(AbstractHttpResponseCodec.java:80)
	at org.openqa.selenium.remote.http.AbstractHttpResponseCodec.decode(AbstractHttpResponseCodec.java:44)
	at org.openqa.selenium.remote.HttpCommandExecutor.execute(HttpCommandExecutor.java:158)
	at org.openqa.selenium.remote.service.DriverCommandExecutor.execute(DriverCommandExecutor.java:83)
	at org.openqa.selenium.remote.RemoteWebDriver.execute(RemoteWebDriver.java:545)
	at org.openqa.selenium.remote.RemoteWebDriver.findElement(RemoteWebDriver.java:319)
	at org.openqa.selenium.remote.RemoteWebDriver.findElementByXPath(RemoteWebDriver.java:421)
	at org.openqa.selenium.By$ByXPath.findElement(By.java:361)
	at org.openqa.selenium.remote.RemoteWebDriver.findElement(RemoteWebDriver.java:311)
	at org.openqa.selenium.support.pagefactory.DefaultElementLocator.findElement(DefaultElementLocator.java:69)
	at org.openqa.selenium.support.pagefactory.internal.LocatingElementHandler.invoke(LocatingElementHandler.java:38)
	at com.sun.proxy.$Proxy11.clear(Unknown Source)
	at pom.LoginAmazon.LoginPage.clearFields(LoginPage.java:129)
	at pom.LoginAmazon.LoginPage.loginWith_BlankUID_BlankPass(LoginPage.java:64)
	at test.Test_LoginFunc.test_loginWith_BlankUID_BlankPass(Test_LoginFunc.java:42)
	at java.base/java.util.concurrent.FutureTask.run(Unknown Source)
	at java.base/java.util.concurrent.ThreadPoolExecutor.runWorker(Unknown Source)
	at java.base/java.util.concurrent.ThreadPoolExecutor$Worker.run(Unknown Source)
	at java.base/java.lang.Thread.run(Unknown Source)
... Removed 20 stack frames
</div> <!-- stack-trace -->
                </div> <!-- method-content -->
              </div> <!-- method -->
              <div class="method">
                <div class="method-content">
                  <a name="test_loginWith_InvalidEmail_BlankPass">
                  </a> <!-- test_loginWith_InvalidEmail_BlankPass -->
                  <span class="method-name">test_loginWith_InvalidEmail_BlankPass</span>
                  <div class="stack-trace">org.openqa.selenium.NoSuchElementException: no such element: Unable to locate element: {&quot;method&quot;:&quot;xpath&quot;,&quot;selector&quot;:&quot;//input[@id=&apos;ap_email&apos;][@name=&apos;email&apos;]&quot;}
  (Session info: chrome=68.0.3440.84)
  (Driver info: chromedriver=2.38.552522 (437e6fbedfa8762dec75e2c5b3ddb86763dc9dcb),platform=Windows NT 10.0.17134 x86_64) (WARNING: The server did not provide any stacktrace information)
Command duration or timeout: 0 milliseconds
For documentation on this error, please visit: http://seleniumhq.org/exceptions/no_such_element.html
Build info: version: &apos;3.11.0&apos;, revision: &apos;e59cfb3&apos;, time: &apos;2018-03-11T20:33:15.31Z&apos;
System info: host: &apos;RAVERMA-WX-1&apos;, ip: &apos;192.168.233.1&apos;, os.name: &apos;Windows 10&apos;, os.arch: &apos;amd64&apos;, os.version: &apos;10.0&apos;, java.version: &apos;10.0.1&apos;
Driver info: org.openqa.selenium.chrome.ChromeDriver
Capabilities {acceptInsecureCerts: false, acceptSslCerts: false, applicationCacheEnabled: false, browserConnectionEnabled: false, browserName: chrome, chrome: {chromedriverVersion: 2.38.552522 (437e6fbedfa876..., userDataDir: C:\Users\raverma\AppData\Lo...}, cssSelectorsEnabled: true, databaseEnabled: false, handlesAlerts: true, hasTouchScreen: false, javascriptEnabled: true, locationContextEnabled: true, mobileEmulationEnabled: false, nativeEvents: true, networkConnectionEnabled: false, pageLoadStrategy: normal, platform: XP, platformName: XP, rotatable: false, setWindowRect: true, takesHeapSnapshot: true, takesScreenshot: true, unexpectedAlertBehaviour: , unhandledPromptBehavior: , version: 68.0.3440.84, webStorageEnabled: true}
Session ID: e2b6b1160e2929827afe0f21a31bbd39
*** Element info: {Using=xpath, value=//input[@id=&apos;ap_email&apos;][@name=&apos;email&apos;]}
	at org.openqa.selenium.remote.ErrorHandler.createThrowable(ErrorHandler.java:214)
	at org.openqa.selenium.remote.ErrorHandler.throwIfResponseFailed(ErrorHandler.java:166)
	at org.openqa.selenium.remote.http.JsonHttpResponseCodec.reconstructValue(JsonHttpResponseCodec.java:40)
	at org.openqa.selenium.remote.http.AbstractHttpResponseCodec.decode(AbstractHttpResponseCodec.java:80)
	at org.openqa.selenium.remote.http.AbstractHttpResponseCodec.decode(AbstractHttpResponseCodec.java:44)
	at org.openqa.selenium.remote.HttpCommandExecutor.execute(HttpCommandExecutor.java:158)
	at org.openqa.selenium.remote.service.DriverCommandExecutor.execute(DriverCommandExecutor.java:83)
	at org.openqa.selenium.remote.RemoteWebDriver.execute(RemoteWebDriver.java:545)
	at org.openqa.selenium.remote.RemoteWebDriver.findElement(RemoteWebDriver.java:319)
	at org.openqa.selenium.remote.RemoteWebDriver.findElementByXPath(RemoteWebDriver.java:421)
	at org.openqa.selenium.By$ByXPath.findElement(By.java:361)
	at org.openqa.selenium.remote.RemoteWebDriver.findElement(RemoteWebDriver.java:311)
	at org.openqa.selenium.support.pagefactory.DefaultElementLocator.findElement(DefaultElementLocator.java:69)
	at org.openqa.selenium.support.pagefactory.internal.LocatingElementHandler.invoke(LocatingElementHandler.java:38)
	at com.sun.proxy.$Proxy11.clear(Unknown Source)
	at pom.LoginAmazon.LoginPage.clearFields(LoginPage.java:129)
	at pom.LoginAmazon.LoginPage.loginWith_InvalidEmail_BlankPass(LoginPage.java:78)
	at test.Test_LoginFunc.test_loginWith_InvalidEmail_BlankPass(Test_LoginFunc.java:52)
	at java.base/java.util.concurrent.FutureTask.run(Unknown Source)
	at java.base/java.util.concurrent.ThreadPoolExecutor.runWorker(Unknown Source)
	at java.base/java.util.concurrent.ThreadPoolExecutor$Worker.run(Unknown Source)
	at java.base/java.lang.Thread.run(Unknown Source)
... Removed 20 stack frames
</div> <!-- stack-trace -->
                </div> <!-- method-content -->
              </div> <!-- method -->
              <div class="method">
                <div class="method-content">
                  <a name="test_loginWith_validEmail_WrongPass">
                  </a> <!-- test_loginWith_validEmail_WrongPass -->
                  <span class="method-name">test_loginWith_validEmail_WrongPass</span>
                  <div class="stack-trace">org.openqa.selenium.NoSuchElementException: no such element: Unable to locate element: {&quot;method&quot;:&quot;xpath&quot;,&quot;selector&quot;:&quot;//input[@id=&apos;ap_email&apos;][@name=&apos;email&apos;]&quot;}
  (Session info: chrome=68.0.3440.84)
  (Driver info: chromedriver=2.38.552522 (437e6fbedfa8762dec75e2c5b3ddb86763dc9dcb),platform=Windows NT 10.0.17134 x86_64) (WARNING: The server did not provide any stacktrace information)
Command duration or timeout: 0 milliseconds
For documentation on this error, please visit: http://seleniumhq.org/exceptions/no_such_element.html
Build info: version: &apos;3.11.0&apos;, revision: &apos;e59cfb3&apos;, time: &apos;2018-03-11T20:33:15.31Z&apos;
System info: host: &apos;RAVERMA-WX-1&apos;, ip: &apos;192.168.233.1&apos;, os.name: &apos;Windows 10&apos;, os.arch: &apos;amd64&apos;, os.version: &apos;10.0&apos;, java.version: &apos;10.0.1&apos;
Driver info: org.openqa.selenium.chrome.ChromeDriver
Capabilities {acceptInsecureCerts: false, acceptSslCerts: false, applicationCacheEnabled: false, browserConnectionEnabled: false, browserName: chrome, chrome: {chromedriverVersion: 2.38.552522 (437e6fbedfa876..., userDataDir: C:\Users\raverma\AppData\Lo...}, cssSelectorsEnabled: true, databaseEnabled: false, handlesAlerts: true, hasTouchScreen: false, javascriptEnabled: true, locationContextEnabled: true, mobileEmulationEnabled: false, nativeEvents: true, networkConnectionEnabled: false, pageLoadStrategy: normal, platform: XP, platformName: XP, rotatable: false, setWindowRect: true, takesHeapSnapshot: true, takesScreenshot: true, unexpectedAlertBehaviour: , unhandledPromptBehavior: , version: 68.0.3440.84, webStorageEnabled: true}
Session ID: e2b6b1160e2929827afe0f21a31bbd39
*** Element info: {Using=xpath, value=//input[@id=&apos;ap_email&apos;][@name=&apos;email&apos;]}
	at org.openqa.selenium.remote.ErrorHandler.createThrowable(ErrorHandler.java:214)
	at org.openqa.selenium.remote.ErrorHandler.throwIfResponseFailed(ErrorHandler.java:166)
	at org.openqa.selenium.remote.http.JsonHttpResponseCodec.reconstructValue(JsonHttpResponseCodec.java:40)
	at org.openqa.selenium.remote.http.AbstractHttpResponseCodec.decode(AbstractHttpResponseCodec.java:80)
	at org.openqa.selenium.remote.http.AbstractHttpResponseCodec.decode(AbstractHttpResponseCodec.java:44)
	at org.openqa.selenium.remote.HttpCommandExecutor.execute(HttpCommandExecutor.java:158)
	at org.openqa.selenium.remote.service.DriverCommandExecutor.execute(DriverCommandExecutor.java:83)
	at org.openqa.selenium.remote.RemoteWebDriver.execute(RemoteWebDriver.java:545)
	at org.openqa.selenium.remote.RemoteWebDriver.findElement(RemoteWebDriver.java:319)
	at org.openqa.selenium.remote.RemoteWebDriver.findElementByXPath(RemoteWebDriver.java:421)
	at org.openqa.selenium.By$ByXPath.findElement(By.java:361)
	at org.openqa.selenium.remote.RemoteWebDriver.findElement(RemoteWebDriver.java:311)
	at org.openqa.selenium.support.pagefactory.DefaultElementLocator.findElement(DefaultElementLocator.java:69)
	at org.openqa.selenium.support.pagefactory.internal.LocatingElementHandler.invoke(LocatingElementHandler.java:38)
	at com.sun.proxy.$Proxy11.clear(Unknown Source)
	at pom.LoginAmazon.LoginPage.clearFields(LoginPage.java:129)
	at pom.LoginAmazon.LoginPage.loginWith_validEmail_WrongPass(LoginPage.java:84)
	at test.Test_LoginFunc.test_loginWith_validEmail_WrongPass(Test_LoginFunc.java:62)
	at java.base/java.util.concurrent.FutureTask.run(Unknown Source)
	at java.base/java.util.concurrent.ThreadPoolExecutor.runWorker(Unknown Source)
	at java.base/java.util.concurrent.ThreadPoolExecutor$Worker.run(Unknown Source)
	at java.base/java.lang.Thread.run(Unknown Source)
... Removed 20 stack frames
</div> <!-- stack-trace -->
                </div> <!-- method-content -->
              </div> <!-- method -->
            </div> <!-- main-panel-content rounded-window-bottom -->
          </div> <!-- suite-Failed_suite_[Amazon]-class-failed -->
        </div> <!-- panel Failed_suite_[Amazon] -->
        <div panel-name="test-xml-Failed_suite_[Amazon]" class="panel">
          <div class="main-panel-header rounded-window-top">
            <span class="header-content">C:\Users\raverma\eclipse-workspace\Amazon\test-output\testng-failed.xml</span>
          </div> <!-- main-panel-header rounded-window-top -->
          <div class="main-panel-content rounded-window-bottom">
            <pre>
&lt;?xml version=&quot;1.0&quot; encoding=&quot;UTF-8&quot;?&gt;
&lt;!DOCTYPE suite SYSTEM &quot;http://testng.org/testng-1.0.dtd&quot;&gt;
&lt;suite thread-count=&quot;2&quot; parallel=&quot;tests&quot; name=&quot;Failed suite [Amazon]&quot; guice-stage=&quot;DEVELOPMENT&quot;&gt;
  &lt;test thread-count=&quot;2&quot; parallel=&quot;tests&quot; name=&quot;test_loginFunc(failed)&quot;&gt;
    &lt;groups&gt;
      &lt;run&gt;
        &lt;include name=&quot;grp1&quot;/&gt;
      &lt;/run&gt;
    &lt;/groups&gt;
    &lt;classes&gt;
      &lt;class name=&quot;test.Test_LoginFunc&quot;&gt;
        &lt;methods&gt;
          &lt;include name=&quot;test_loginWith_InvalidEmail_BlankPass&quot;/&gt;
        &lt;/methods&gt;
      &lt;/class&gt; &lt;!-- test.Test_LoginFunc --&gt;
    &lt;/classes&gt;
  &lt;/test&gt; &lt;!-- test_loginFunc(failed) --&gt;
  &lt;test thread-count=&quot;2&quot; parallel=&quot;tests&quot; name=&quot;test_loginFunc2(failed)&quot;&gt;
    &lt;groups&gt;
      &lt;run&gt;
        &lt;include name=&quot;grp2&quot;/&gt;
      &lt;/run&gt;
    &lt;/groups&gt;
    &lt;classes&gt;
      &lt;class name=&quot;test.Test_LoginFunc&quot;&gt;
        &lt;methods&gt;
          &lt;include name=&quot;test_fetchPrice&quot;/&gt;
          &lt;include name=&quot;test_loginWith_validEmail_WrongPass&quot;/&gt;
          &lt;include name=&quot;test_loginWith_BlankUID_BlankPass&quot;/&gt;
        &lt;/methods&gt;
      &lt;/class&gt; &lt;!-- test.Test_LoginFunc --&gt;
    &lt;/classes&gt;
  &lt;/test&gt; &lt;!-- test_loginFunc2(failed) --&gt;
&lt;/suite&gt; &lt;!-- Failed suite [Amazon] --&gt;
            </pre>
          </div> <!-- main-panel-content rounded-window-bottom -->
        </div> <!-- panel -->
        <div panel-name="testlist-Failed_suite_[Amazon]" class="panel">
          <div class="main-panel-header rounded-window-top">
            <span class="header-content">Tests for Failed suite [Amazon]</span>
          </div> <!-- main-panel-header rounded-window-top -->
          <div class="main-panel-content rounded-window-bottom">
            <ul>
              <li>
                <span class="test-name">test_loginFunc(failed) (1 class)</span>
              </li>
              <li>
                <span class="test-name">test_loginFunc2(failed) (1 class)</span>
              </li>
            </ul>
          </div> <!-- main-panel-content rounded-window-bottom -->
        </div> <!-- panel -->
        <div panel-name="group-Failed_suite_[Amazon]" class="panel">
          <div class="main-panel-header rounded-window-top">
            <span class="header-content">Groups for Failed suite [Amazon]</span>
          </div> <!-- main-panel-header rounded-window-top -->
          <div class="main-panel-content rounded-window-bottom">
            <div class="test-group">
              <span class="test-group-name">grp1</span>
              <br/>
              <div class="method-in-group">
                <span class="method-in-group-name">test_loginWith_InvalidEmail_BlankPass</span>
                <br/>
              </div> <!-- method-in-group -->
            </div> <!-- test-group -->
            <div class="test-group">
              <span class="test-group-name">grp2</span>
              <br/>
              <div class="method-in-group">
                <span class="method-in-group-name">test_fetchPrice</span>
                <br/>
              </div> <!-- method-in-group -->
              <div class="method-in-group">
                <span class="method-in-group-name">test_loginWith_BlankUID_BlankPass</span>
                <br/>
              </div> <!-- method-in-group -->
              <div class="method-in-group">
                <span class="method-in-group-name">test_loginWith_validEmail_WrongPass</span>
                <br/>
              </div> <!-- method-in-group -->
            </div> <!-- test-group -->
          </div> <!-- main-panel-content rounded-window-bottom -->
        </div> <!-- panel -->
        <div panel-name="times-Failed_suite_[Amazon]" class="panel">
          <div class="main-panel-header rounded-window-top">
            <span class="header-content">Times for Failed suite [Amazon]</span>
          </div> <!-- main-panel-header rounded-window-top -->
          <div class="main-panel-content rounded-window-bottom">
            <div class="times-div">
              <script type="text/javascript">
suiteTableInitFunctions.push('tableData_Failed_suite_[Amazon]');
function tableData_Failed_suite_[Amazon]() {
var data = new google.visualization.DataTable();
data.addColumn('number', 'Number');
data.addColumn('string', 'Method');
data.addColumn('string', 'Class');
data.addColumn('number', 'Time (ms)');
data.addRows(4);
data.setCell(0, 0, 0)
data.setCell(0, 1, 'test_fetchPrice')
data.setCell(0, 2, 'test.Test_LoginFunc')
data.setCell(0, 3, 3803);
data.setCell(1, 0, 1)
data.setCell(1, 1, 'test_loginWith_InvalidEmail_BlankPass')
data.setCell(1, 2, 'test.Test_LoginFunc')
data.setCell(1, 3, 2096);
data.setCell(2, 0, 2)
data.setCell(2, 1, 'test_loginWith_BlankUID_BlankPass')
data.setCell(2, 2, 'test.Test_LoginFunc')
data.setCell(2, 3, 2096);
data.setCell(3, 0, 3)
data.setCell(3, 1, 'test_loginWith_validEmail_WrongPass')
data.setCell(3, 2, 'test.Test_LoginFunc')
data.setCell(3, 3, 12);
window.suiteTableData['Failed_suite_[Amazon]']= { tableData: data, tableDiv: 'times-div-Failed_suite_[Amazon]'}
return data;
}
              </script>
              <span class="suite-total-time">Total running time: 8 seconds</span>
              <div id="times-div-Failed_suite_[Amazon]">
              </div> <!-- times-div-Failed_suite_[Amazon] -->
            </div> <!-- times-div -->
          </div> <!-- main-panel-content rounded-window-bottom -->
        </div> <!-- panel -->
        <div panel-name="reporter-Failed_suite_[Amazon]" class="panel">
          <div class="main-panel-header rounded-window-top">
            <span class="header-content">Reporter output for Failed suite [Amazon]</span>
          </div> <!-- main-panel-header rounded-window-top -->
          <div class="main-panel-content rounded-window-bottom">
          </div> <!-- main-panel-content rounded-window-bottom -->
        </div> <!-- panel -->
        <div panel-name="ignored-methods-Failed_suite_[Amazon]" class="panel">
          <div class="main-panel-header rounded-window-top">
            <span class="header-content">12 ignored methods</span>
          </div> <!-- main-panel-header rounded-window-top -->
          <div class="main-panel-content rounded-window-bottom">
            <div class="ignored-class-div">
              <span class="ignored-class-name">test.Test_LoginFunc</span>
              <div class="ignored-methods-div">
                <span class="ignored-method-name">test_fetchPrice</span>
                <br/>
                <span class="ignored-method-name">test_loginWith_SuccessfullLogin</span>
                <br/>
                <span class="ignored-method-name">test_loginWith_SuccessfullLogin</span>
                <br/>
                <span class="ignored-method-name">test_loginWith_InvalidEmail_BlankPass</span>
                <br/>
                <span class="ignored-method-name">test_loginWith_validEmail_WrongPass</span>
                <br/>
                <span class="ignored-method-name">test_loginWith_BlankUID_BlankPass</span>
                <br/>
                <span class="ignored-method-name">test_loginWith_UnRegisteredEmail_password</span>
                <br/>
                <span class="ignored-method-name">test_loginWith_UnRegisteredEmail_password</span>
                <br/>
                <span class="ignored-method-name">test_moveToSignInPage</span>
                <br/>
                <span class="ignored-method-name">test_moveToSignInPage</span>
                <br/>
                <span class="ignored-method-name">test_loginWith_BlankPass</span>
                <br/>
                <span class="ignored-method-name">test_loginWith_BlankPass</span>
                <br/>
              </div> <!-- ignored-methods-div -->
            </div> <!-- ignored-class-div -->
          </div> <!-- main-panel-content rounded-window-bottom -->
        </div> <!-- panel -->
        <div panel-name="chronological-Failed_suite_[Amazon]" class="panel">
          <div class="main-panel-header rounded-window-top">
            <span class="header-content">Methods in chronological order</span>
          </div> <!-- main-panel-header rounded-window-top -->
          <div class="main-panel-content rounded-window-bottom">
            <div class="chronological-class">
              <div class="chronological-class-name">test.Test_LoginFunc</div> <!-- chronological-class-name -->
              <div class="test-method">
                <img src="failed.png">
                </img>
                <span class="method-name">test_loginWith_BlankUID_BlankPass</span>
                <span class="method-start">0 ms</span>
              </div> <!-- test-method -->
              <div class="test-method">
                <img src="failed.png">
                </img>
                <span class="method-name">test_loginWith_InvalidEmail_BlankPass</span>
                <span class="method-start">0 ms</span>
              </div> <!-- test-method -->
              <div class="test-method">
                <img src="failed.png">
                </img>
                <span class="method-name">test_loginWith_validEmail_WrongPass</span>
                <span class="method-start">2106 ms</span>
              </div> <!-- test-method -->
              <div class="test-method">
                <img src="failed.png">
                </img>
                <span class="method-name">test_fetchPrice</span>
                <span class="method-start">2121 ms</span>
              </div> <!-- test-method -->
          </div> <!-- main-panel-content rounded-window-bottom -->
        </div> <!-- panel -->
      </div> <!-- main-panel-root -->
    </div> <!-- wrapper -->
  </body>
</html>
